[0m13:28:07.962479 [debug] [MainThread]: Sending event: {'category': 'dbt', 'action': 'invocation', 'label': 'start', 'context': [<snowplow_tracker.self_describing_json.SelfDescribingJson object at 0x0000028F5BBCF7A0>, <snowplow_tracker.self_describing_json.SelfDescribingJson object at 0x0000028F5BBCF710>, <snowplow_tracker.self_describing_json.SelfDescribingJson object at 0x0000028F5BBCF8C0>]}


============================== 13:28:07.965575 | a1facfd8-10a1-4d87-89cb-f14419d91b6c ==============================
[0m13:28:07.965575 [info ] [MainThread]: Running with dbt=1.7.9
[0m13:28:07.966601 [debug] [MainThread]: running dbt with arguments {'printer_width': '80', 'indirect_selection': 'eager', 'write_json': 'True', 'log_cache_events': 'False', 'partial_parse': 'True', 'cache_selected_only': 'False', 'profiles_dir': 'C:\\Users\\ravin\\.dbt', 'debug': 'False', 'version_check': 'True', 'log_path': 'logs', 'fail_fast': 'False', 'warn_error': 'None', 'use_colors': 'True', 'use_experimental_parser': 'False', 'no_print': 'None', 'quiet': 'False', 'log_format': 'default', 'static_parser': 'True', 'warn_error_options': 'WarnErrorOptions(include=[], exclude=[])', 'introspect': 'True', 'target_path': 'None', 'invocation_command': 'dbt init dbtFinance', 'send_anonymous_usage_stats': 'True'}
[0m13:28:07.967653 [warn ] [MainThread]: [ConfigFolderDirectory]: Unable to parse dict {'dir': WindowsPath('C:/Users/ravin/.dbt')}
[0m13:28:07.968689 [info ] [MainThread]: Creating dbt configuration folder at 
[0m13:28:07.969717 [debug] [MainThread]: Starter project path: C:\Users\ravin\PycharmProjects\dbt-etl-finance\.venv\Lib\site-packages\dbt\include\starter_project
[0m13:28:07.978691 [info ] [MainThread]: 
Your new dbt project "dbtFinance" was created!

For more information on how to configure the profiles.yml file,
please consult the dbt documentation here:

  https://docs.getdbt.com/docs/configure-your-profile

One more thing:

Need help? Don't hesitate to reach out to us via GitHub issues or on Slack:

  https://community.getdbt.com/

Happy modeling!

[0m13:28:07.979735 [info ] [MainThread]: Setting up your profile.
[0m13:28:20.244890 [info ] [MainThread]: Profile dbtFinance written to C:\Users\ravin\.dbt\profiles.yml using target's sample configuration. Once updated, you'll be able to start developing with dbt.
[0m13:28:20.245983 [debug] [MainThread]: Command `dbt init` succeeded at 13:28:20.245926 after 12.35 seconds
[0m13:28:20.245983 [debug] [MainThread]: Sending event: {'category': 'dbt', 'action': 'invocation', 'label': 'end', 'context': [<snowplow_tracker.self_describing_json.SelfDescribingJson object at 0x0000028F5BBA5340>, <snowplow_tracker.self_describing_json.SelfDescribingJson object at 0x0000028F5B827E60>, <snowplow_tracker.self_describing_json.SelfDescribingJson object at 0x0000028F5BC7AB10>]}
[0m13:28:20.245983 [debug] [MainThread]: Flushing usage events
